"" 

Fri Dec 30 2022 07:40:34:832 GMT+0300 (RTZ 2 (зима)) -- Binary semantic version is v8.8.4
Fri Dec 30 2022 07:40:34:833 GMT+0300 (RTZ 2 (зима)) -- Setting output as extra verbose with request parsing
Fri Dec 30 2022 07:40:37:37 GMT+0300 (RTZ 2 (зима)) -- [SUCCESS] You can now access your local server(s) in our remote browser

Fri Dec 30 2022 07:40:37:218 GMT+0300 (RTZ 2 (зима)) -- Connecting to BrowserStack using WebSocket protocol...
Fri Dec 30 2022 07:40:37:218 GMT+0300 (RTZ 2 (зима)) -- Platform supports WebSocket connections.

Fri Dec 30 2022 07:40:37:323 GMT+0300 (RTZ 2 (зима)) -- Press Ctrl-C to exit


Fri Dec 30 2022 07:40:38:287 GMT+0300 (RTZ 2 (зима)) -- Starting configuration console on http://localhost:45454
Fri Dec 30 2022 07:42:12:539 GMT+0300 (RTZ 2 (зима)) -- Request to: a.wb.ru:443
Fri Dec 30 2022 07:42:12:539 GMT+0300 (RTZ 2 (зима)) -- Connecting to: a.wb.ru:443
Fri Dec 30 2022 07:42:12:603 GMT+0300 (RTZ 2 (зима)) -- Connected to: 185.62.200.33
Fri Dec 30 2022 07:42:12:777 GMT+0300 (RTZ 2 (зима)) -- Writing response from: a.wb.ru:443
Fri Dec 30 2022 07:42:12:906 GMT+0300 (RTZ 2 (зима)) -- Writing response from: a.wb.ru:443
Fri Dec 30 2022 07:42:12:910 GMT+0300 (RTZ 2 (зима)) -- Writing response from: a.wb.ru:443
Fri Dec 30 2022 07:42:12:970 GMT+0300 (RTZ 2 (зима)) -- Request to: banners-website.wildberries.ru:443
Fri Dec 30 2022 07:42:12:970 GMT+0300 (RTZ 2 (зима)) -- Connecting to: banners-website.wildberries.ru:443
Fri Dec 30 2022 07:42:13:3 GMT+0300 (RTZ 2 (зима)) -- Connected to: 185.62.200.33
Fri Dec 30 2022 07:42:13:60 GMT+0300 (RTZ 2 (зима)) -- Writing response from: a.wb.ru:443
Fri Dec 30 2022 07:42:13:82 GMT+0300 (RTZ 2 (зима)) -- Writing response from: a.wb.ru:443
Fri Dec 30 2022 07:42:13:174 GMT+0300 (RTZ 2 (зима)) -- Writing response from: banners-website.wildberries.ru:443
Fri Dec 30 2022 07:42:13:231 GMT+0300 (RTZ 2 (зима)) -- Writing response from: a.wb.ru:443
Fri Dec 30 2022 07:42:13:281 GMT+0300 (RTZ 2 (зима)) -- Writing response from: a.wb.ru:443
Fri Dec 30 2022 07:42:13:303 GMT+0300 (RTZ 2 (зима)) -- Writing response from: banners-website.wildberries.ru:443
Fri Dec 30 2022 07:42:13:305 GMT+0300 (RTZ 2 (зима)) -- Writing response from: banners-website.wildberries.ru:443
Fri Dec 30 2022 07:42:13:306 GMT+0300 (RTZ 2 (зима)) -- Writing response from: a.wb.ru:443
Fri Dec 30 2022 07:42:13:438 GMT+0300 (RTZ 2 (зима)) -- Writing response from: banners-website.wildberries.ru:443
Fri Dec 30 2022 07:42:13:459 GMT+0300 (RTZ 2 (зима)) -- Writing response from: banners-website.wildberries.ru:443
Fri Dec 30 2022 07:42:13:462 GMT+0300 (RTZ 2 (зима)) -- Writing response from: banners-website.wildberries.ru:443
Fri Dec 30 2022 07:42:13:465 GMT+0300 (RTZ 2 (зима)) -- Writing response from: banners-website.wildberries.ru:443
Fri Dec 30 2022 07:42:13:468 GMT+0300 (RTZ 2 (зима)) -- Writing response from: banners-website.wildberries.ru:443
Fri Dec 30 2022 07:42:13:469 GMT+0300 (RTZ 2 (зима)) -- Writing response from: banners-website.wildberries.ru:443
Fri Dec 30 2022 07:42:13:644 GMT+0300 (RTZ 2 (зима)) -- Writing response from: a.wb.ru:443
Fri Dec 30 2022 07:42:13:662 GMT+0300 (RTZ 2 (зима)) -- Writing response from: a.wb.ru:443
Fri Dec 30 2022 07:42:13:719 GMT+0300 (RTZ 2 (зима)) -- Writing response from: a.wb.ru:443
Fri Dec 30 2022 07:42:13:769 GMT+0300 (RTZ 2 (зима)) -- Writing response from: a.wb.ru:443
Fri Dec 30 2022 07:42:13:832 GMT+0300 (RTZ 2 (зима)) -- Writing response from: a.wb.ru:443
Fri Dec 30 2022 07:42:15:261 GMT+0300 (RTZ 2 (зима)) -- Request to: main-page.wildberries.ru:443
Fri Dec 30 2022 07:42:15:262 GMT+0300 (RTZ 2 (зима)) -- Connecting to: main-page.wildberries.ru:443
Fri Dec 30 2022 07:42:15:309 GMT+0300 (RTZ 2 (зима)) -- Connected to: 185.62.200.33
Fri Dec 30 2022 07:42:15:500 GMT+0300 (RTZ 2 (зима)) -- Request to: chat-prod.wildberries.by:443
Fri Dec 30 2022 07:42:15:500 GMT+0300 (RTZ 2 (зима)) -- Connecting to: chat-prod.wildberries.by:443
Fri Dec 30 2022 07:42:15:556 GMT+0300 (RTZ 2 (зима)) -- Writing response from: main-page.wildberries.ru:443
Fri Dec 30 2022 07:42:15:570 GMT+0300 (RTZ 2 (зима)) -- Connected to: 185.62.200.33
Fri Dec 30 2022 07:42:15:720 GMT+0300 (RTZ 2 (зима)) -- Writing response from: main-page.wildberries.ru:443
Fri Dec 30 2022 07:42:15:759 GMT+0300 (RTZ 2 (зима)) -- Writing response from: chat-prod.wildberries.by:443
Fri Dec 30 2022 07:42:15:886 GMT+0300 (RTZ 2 (зима)) -- Writing response from: main-page.wildberries.ru:443
Fri Dec 30 2022 07:42:15:887 GMT+0300 (RTZ 2 (зима)) -- Writing response from: chat-prod.wildberries.by:443
Fri Dec 30 2022 07:42:15:889 GMT+0300 (RTZ 2 (зима)) -- Writing response from: chat-prod.wildberries.by:443
Fri Dec 30 2022 07:42:15:919 GMT+0300 (RTZ 2 (зима)) -- Writing response from: main-page.wildberries.ru:443
Fri Dec 30 2022 07:42:16:22 GMT+0300 (RTZ 2 (зима)) -- Writing response from: chat-prod.wildberries.by:443
Fri Dec 30 2022 07:42:16:50 GMT+0300 (RTZ 2 (зима)) -- Writing response from: chat-prod.wildberries.by:443
Fri Dec 30 2022 07:42:17:384 GMT+0300 (RTZ 2 (зима)) -- Writing response from: chat-prod.wildberries.by:443
Fri Dec 30 2022 07:42:17:557 GMT+0300 (RTZ 2 (зима)) -- Writing response from: a.wb.ru:443
Fri Dec 30 2022 07:42:17:559 GMT+0300 (RTZ 2 (зима)) -- Writing response from: a.wb.ru:443
Fri Dec 30 2022 07:42:17:587 GMT+0300 (RTZ 2 (зима)) -- Writing response from: a.wb.ru:443
Fri Dec 30 2022 07:42:17:644 GMT+0300 (RTZ 2 (зима)) -- Writing response from: a.wb.ru:443
Fri Dec 30 2022 07:42:17:912 GMT+0300 (RTZ 2 (зима)) -- Writing response from: a.wb.ru:443
Fri Dec 30 2022 07:42:17:916 GMT+0300 (RTZ 2 (зима)) -- Writing response from: a.wb.ru:443
Fri Dec 30 2022 07:42:20:233 GMT+0300 (RTZ 2 (зима)) -- Writing response from: a.wb.ru:443
Fri Dec 30 2022 07:42:20:233 GMT+0300 (RTZ 2 (зима)) -- Writing response from: a.wb.ru:443
Fri Dec 30 2022 07:42:23:106 GMT+0300 (RTZ 2 (зима)) -- Writing response from: banners-website.wildberries.ru:443
Fri Dec 30 2022 07:42:23:569 GMT+0300 (RTZ 2 (зима)) -- Writing response from: a.wb.ru:443
Fri Dec 30 2022 07:42:23:629 GMT+0300 (RTZ 2 (зима)) -- Writing response from: a.wb.ru:443
Fri Dec 30 2022 07:42:23:629 GMT+0300 (RTZ 2 (зима)) -- Writing response from: a.wb.ru:443
Fri Dec 30 2022 07:42:23:662 GMT+0300 (RTZ 2 (зима)) -- Writing response from: a.wb.ru:443
Fri Dec 30 2022 07:42:23:676 GMT+0300 (RTZ 2 (зима)) -- Writing response from: a.wb.ru:443
Fri Dec 30 2022 07:42:23:681 GMT+0300 (RTZ 2 (зима)) -- Writing response from: main-page.wildberries.ru:443
Fri Dec 30 2022 07:42:23:731 GMT+0300 (RTZ 2 (зима)) -- Writing response from: main-page.wildberries.ru:443
Fri Dec 30 2022 07:42:23:742 GMT+0300 (RTZ 2 (зима)) -- Writing response from: main-page.wildberries.ru:443
Fri Dec 30 2022 07:42:24:206 GMT+0300 (RTZ 2 (зима)) -- Writing response from: a.wb.ru:443
Fri Dec 30 2022 07:42:24:208 GMT+0300 (RTZ 2 (зима)) -- Writing response from: a.wb.ru:443
Fri Dec 30 2022 07:42:32:390 GMT+0300 (RTZ 2 (зима)) -- Writing response from: chat-prod.wildberries.by:443
Fri Dec 30 2022 07:42:33:631 GMT+0300 (RTZ 2 (зима)) -- Writing response from: a.wb.ru:443
Fri Dec 30 2022 07:42:33:661 GMT+0300 (RTZ 2 (зима)) -- Writing response from: a.wb.ru:443
Fri Dec 30 2022 07:42:38:129 GMT+0300 (RTZ 2 (зима)) -- Writing response from: banners-website.wildberries.ru:443
Fri Dec 30 2022 07:42:38:813 GMT+0300 (RTZ 2 (зима)) -- Writing response from: main-page.wildberries.ru:443
Fri Dec 30 2022 07:42:44:95 GMT+0300 (RTZ 2 (зима)) -- Writing response from: a.wb.ru:443
Fri Dec 30 2022 07:42:44:113 GMT+0300 (RTZ 2 (зима)) -- Writing response from: a.wb.ru:443
Fri Dec 30 2022 07:42:54:357 GMT+0300 (RTZ 2 (зима)) -- Writing response from: a.wb.ru:443
Fri Dec 30 2022 07:43:09:370 GMT+0300 (RTZ 2 (зима)) -- Writing response from: a.wb.ru:443
Fri Dec 30 2022 07:43:47:462 GMT+0300 (RTZ 2 (зима)) -- Request to: chat-prod.wildberries.by:443
Fri Dec 30 2022 07:43:47:462 GMT+0300 (RTZ 2 (зима)) -- Connecting to: chat-prod.wildberries.by:443
Fri Dec 30 2022 07:43:47:486 GMT+0300 (RTZ 2 (зима)) -- Connected to: 185.62.200.33
Fri Dec 30 2022 07:43:47:704 GMT+0300 (RTZ 2 (зима)) -- Writing response from: chat-prod.wildberries.by:443
Fri Dec 30 2022 07:43:47:828 GMT+0300 (RTZ 2 (зима)) -- Writing response from: chat-prod.wildberries.by:443
Fri Dec 30 2022 07:43:47:828 GMT+0300 (RTZ 2 (зима)) -- Writing response from: chat-prod.wildberries.by:443
Fri Dec 30 2022 07:43:47:952 GMT+0300 (RTZ 2 (зима)) -- Writing response from: chat-prod.wildberries.by:443
Fri Dec 30 2022 07:43:47:954 GMT+0300 (RTZ 2 (зима)) -- Writing response from: chat-prod.wildberries.by:443
Fri Dec 30 2022 07:43:47:974 GMT+0300 (RTZ 2 (зима)) -- Writing response from: chat-prod.wildberries.by:443
Fri Dec 30 2022 07:43:48:377 GMT+0300 (RTZ 2 (зима)) -- Writing response from: chat-prod.wildberries.by:443
Fri Dec 30 2022 07:43:51:2 GMT+0300 (RTZ 2 (зима)) -- Request to: similar-queries.wildberries.ru:443
Fri Dec 30 2022 07:43:51:2 GMT+0300 (RTZ 2 (зима)) -- Connecting to: similar-queries.wildberries.ru:443
Fri Dec 30 2022 07:43:51:48 GMT+0300 (RTZ 2 (зима)) -- Connected to: 185.62.200.33
Fri Dec 30 2022 07:43:51:218 GMT+0300 (RTZ 2 (зима)) -- Writing response from: similar-queries.wildberries.ru:443
Fri Dec 30 2022 07:43:51:345 GMT+0300 (RTZ 2 (зима)) -- Writing response from: similar-queries.wildberries.ru:443
Fri Dec 30 2022 07:43:51:345 GMT+0300 (RTZ 2 (зима)) -- Writing response from: similar-queries.wildberries.ru:443
Fri Dec 30 2022 07:43:51:499 GMT+0300 (RTZ 2 (зима)) -- Writing response from: similar-queries.wildberries.ru:443
Fri Dec 30 2022 07:43:51:530 GMT+0300 (RTZ 2 (зима)) -- Writing response from: similar-queries.wildberries.ru:443
Fri Dec 30 2022 07:44:03:381 GMT+0300 (RTZ 2 (зима)) -- Writing response from: chat-prod.wildberries.by:443
Fri Dec 30 2022 07:44:06:520 GMT+0300 (RTZ 2 (зима)) -- Writing response from: similar-queries.wildberries.ru:443
Fri Dec 30 2022 07:44:06:604 GMT+0300 (RTZ 2 (зима)) -- Request to: main-page.wildberries.ru:443
Fri Dec 30 2022 07:44:06:605 GMT+0300 (RTZ 2 (зима)) -- Connecting to: main-page.wildberries.ru:443
Fri Dec 30 2022 07:44:06:622 GMT+0300 (RTZ 2 (зима)) -- Connected to: 185.62.200.33
Fri Dec 30 2022 07:44:06:787 GMT+0300 (RTZ 2 (зима)) -- Writing response from: main-page.wildberries.ru:443
Fri Dec 30 2022 07:44:06:910 GMT+0300 (RTZ 2 (зима)) -- Writing response from: main-page.wildberries.ru:443
Fri Dec 30 2022 07:44:06:912 GMT+0300 (RTZ 2 (зима)) -- Writing response from: main-page.wildberries.ru:443
Fri Dec 30 2022 07:44:07:42 GMT+0300 (RTZ 2 (зима)) -- Writing response from: main-page.wildberries.ru:443
Fri Dec 30 2022 07:44:07:81 GMT+0300 (RTZ 2 (зима)) -- Writing response from: main-page.wildberries.ru:443
Fri Dec 30 2022 07:44:07:82 GMT+0300 (RTZ 2 (зима)) -- Writing response from: main-page.wildberries.ru:443
Fri Dec 30 2022 07:44:07:442 GMT+0300 (RTZ 2 (зима)) -- Request to: query-modifier.wildberries.ru:443
Fri Dec 30 2022 07:44:07:442 GMT+0300 (RTZ 2 (зима)) -- Connecting to: query-modifier.wildberries.ru:443
Fri Dec 30 2022 07:44:07:472 GMT+0300 (RTZ 2 (зима)) -- Connected to: 185.62.200.33
Fri Dec 30 2022 07:44:07:627 GMT+0300 (RTZ 2 (зима)) -- Writing response from: query-modifier.wildberries.ru:443
Fri Dec 30 2022 07:44:07:742 GMT+0300 (RTZ 2 (зима)) -- Writing response from: query-modifier.wildberries.ru:443
Fri Dec 30 2022 07:44:07:743 GMT+0300 (RTZ 2 (зима)) -- Writing response from: query-modifier.wildberries.ru:443
Fri Dec 30 2022 07:44:07:882 GMT+0300 (RTZ 2 (зима)) -- Writing response from: query-modifier.wildberries.ru:443
Fri Dec 30 2022 07:44:07:893 GMT+0300 (RTZ 2 (зима)) -- Writing response from: query-modifier.wildberries.ru:443
Fri Dec 30 2022 07:44:08:41 GMT+0300 (RTZ 2 (зима)) -- Request to: similar-queries.wildberries.ru:443
Fri Dec 30 2022 07:44:08:42 GMT+0300 (RTZ 2 (зима)) -- Connecting to: similar-queries.wildberries.ru:443
Fri Dec 30 2022 07:44:08:82 GMT+0300 (RTZ 2 (зима)) -- Connected to: 185.62.200.33
Fri Dec 30 2022 07:44:08:247 GMT+0300 (RTZ 2 (зима)) -- Writing response from: similar-queries.wildberries.ru:443
Fri Dec 30 2022 07:44:08:377 GMT+0300 (RTZ 2 (зима)) -- Writing response from: similar-queries.wildberries.ru:443
Fri Dec 30 2022 07:44:08:378 GMT+0300 (RTZ 2 (зима)) -- Writing response from: similar-queries.wildberries.ru:443
Fri Dec 30 2022 07:44:08:536 GMT+0300 (RTZ 2 (зима)) -- Writing response from: similar-queries.wildberries.ru:443
Fri Dec 30 2022 07:44:08:573 GMT+0300 (RTZ 2 (зима)) -- Writing response from: similar-queries.wildberries.ru:443
Fri Dec 30 2022 07:44:08:575 GMT+0300 (RTZ 2 (зима)) -- Writing response from: similar-queries.wildberries.ru:443
Fri Dec 30 2022 07:44:22:116 GMT+0300 (RTZ 2 (зима)) -- Writing response from: main-page.wildberries.ru:443
Fri Dec 30 2022 07:44:22:575 GMT+0300 (RTZ 2 (зима)) -- Writing response from: query-modifier.wildberries.ru:443
Fri Dec 30 2022 07:44:23:591 GMT+0300 (RTZ 2 (зима)) -- Writing response from: similar-queries.wildberries.ru:443
