2022-12-28 02:15:55 - [32minfo[39m: Reading configs from C:\Users\ivaneyevv\OneDrive\Desktop\frameworktest\framework\browserstack.yml
2022-12-28 02:16:00 - [32minfo[39m: Local binary started successfully
2022-12-28 02:16:00 - [32minfo[39m: Running your mocha tests across 1 platforms
2022-12-28 02:16:00 - [32minfo[39m: Now, showing logs from mocha
2022-12-28 02:16:07 - [32minfo[39m: Configuring to run tests on BrowserStack
2022-12-28 02:16:32 - [32minfo[39m: Local binary stopped
2022-12-28 02:24:19 - [32minfo[39m: Reading configs from C:\Users\ivaneyevv\OneDrive\Desktop\frameworktest\framework\browserstack.yml
2022-12-28 02:24:24 - [32minfo[39m: Local binary started successfully
2022-12-28 02:24:24 - [32minfo[39m: Running your mocha tests across 1 platforms
2022-12-28 02:24:24 - [32minfo[39m: Now, showing logs from mocha
2022-12-28 02:24:47 - [32minfo[39m: Local binary stopped
2022-12-28 02:25:50 - [32minfo[39m: Reading configs from C:\Users\ivaneyevv\OneDrive\Desktop\frameworktest\framework\browserstack.yml
2022-12-28 02:25:55 - [32minfo[39m: Local binary started successfully
2022-12-28 02:25:55 - [32minfo[39m: Running your mocha tests across 1 platforms
2022-12-28 02:25:55 - [32minfo[39m: Now, showing logs from mocha
2022-12-28 02:26:01 - [32minfo[39m: Configuring to run tests on BrowserStack
2022-12-28 02:26:34 - [32minfo[39m: Local binary stopped
2022-12-28 02:27:48 - [32minfo[39m: Reading configs from C:\Users\ivaneyevv\OneDrive\Desktop\frameworktest\framework\browserstack.yml
2022-12-28 02:27:52 - [32minfo[39m: Local binary started successfully
2022-12-28 02:27:52 - [32minfo[39m: Running your mocha tests across 1 platforms
2022-12-28 02:27:52 - [32minfo[39m: Now, showing logs from mocha
2022-12-28 02:27:57 - [32minfo[39m: Configuring to run tests on BrowserStack
2022-12-28 02:28:13 - [32minfo[39m: Local binary stopped
2022-12-29 18:06:19 - [32minfo[39m: Reading configs from C:\Users\ivaneyevv\OneDrive\Desktop\frameworktest\framework\browserstack.yml
2022-12-29 18:06:25 - [32minfo[39m: Local binary started successfully
2022-12-29 18:06:25 - [32minfo[39m: Running your mocha tests across 1 platforms
2022-12-29 18:06:25 - [32minfo[39m: Now, showing logs from mocha
2022-12-29 18:06:31 - [32minfo[39m: Configuring to run tests on BrowserStack
2022-12-29 18:06:49 - [32minfo[39m: Local binary stopped
2022-12-29 18:07:21 - [32minfo[39m: Reading configs from C:\Users\ivaneyevv\OneDrive\Desktop\frameworktest\framework\browserstack.yml
2022-12-29 18:07:26 - [32minfo[39m: Local binary started successfully
2022-12-29 18:07:26 - [32minfo[39m: Running your mocha tests across 1 platforms
2022-12-29 18:07:26 - [32minfo[39m: Now, showing logs from mocha
2022-12-29 18:07:31 - [32minfo[39m: Configuring to run tests on BrowserStack
2022-12-29 18:07:58 - [32minfo[39m: Local binary stopped
2022-12-29 18:17:11 - [32minfo[39m: Reading configs from C:\Users\ivaneyevv\OneDrive\Desktop\frameworktest\framework\browserstack.yml
2022-12-29 18:17:17 - [32minfo[39m: Local binary started successfully
2022-12-29 18:17:17 - [32minfo[39m: Running your mocha tests across 1 platforms
2022-12-29 18:17:17 - [32minfo[39m: Now, showing logs from mocha
2022-12-29 18:17:23 - [32minfo[39m: Configuring to run tests on BrowserStack
2022-12-29 18:17:54 - [32minfo[39m: Local binary stopped
2022-12-29 18:18:38 - [32minfo[39m: Reading configs from C:\Users\ivaneyevv\OneDrive\Desktop\frameworktest\framework\browserstack.yml
2022-12-29 18:18:43 - [32minfo[39m: Local binary started successfully
2022-12-29 18:18:43 - [32minfo[39m: Running your mocha tests across 1 platforms
2022-12-29 18:18:43 - [32minfo[39m: Now, showing logs from mocha
2022-12-29 18:18:49 - [32minfo[39m: Configuring to run tests on BrowserStack
2022-12-29 18:19:06 - [32minfo[39m: Local binary stopped
2022-12-29 18:22:41 - [32minfo[39m: Reading configs from C:\Users\ivaneyevv\OneDrive\Desktop\frameworktest\framework\browserstack.yml
2022-12-29 18:22:46 - [32minfo[39m: Local binary started successfully
2022-12-29 18:22:46 - [32minfo[39m: Running your mocha tests across 1 platforms
2022-12-29 18:22:46 - [32minfo[39m: Now, showing logs from mocha
2022-12-29 18:22:52 - [32minfo[39m: Configuring to run tests on BrowserStack
2022-12-29 18:23:25 - [32minfo[39m: Local binary stopped
2022-12-29 18:32:14 - [32minfo[39m: Reading configs from C:\Users\ivaneyevv\OneDrive\Desktop\frameworktest\framework\browserstack.yml
2022-12-29 18:32:18 - [32minfo[39m: Local binary started successfully
2022-12-29 18:32:18 - [32minfo[39m: Running your mocha tests across 1 platforms
2022-12-29 18:32:18 - [32minfo[39m: Now, showing logs from mocha
2022-12-29 18:32:22 - [32minfo[39m: Configuring to run tests on BrowserStack
2022-12-29 18:32:46 - [32minfo[39m: Local binary stopped
2022-12-29 18:54:29 - [32minfo[39m: Reading configs from C:\Users\ivaneyevv\OneDrive\Desktop\frameworktest\framework\browserstack.yml
2022-12-29 18:54:32 - [32minfo[39m: Local binary started successfully
2022-12-29 18:54:32 - [32minfo[39m: Running your mocha tests across 1 platforms
2022-12-29 18:54:32 - [32minfo[39m: Now, showing logs from mocha
2022-12-29 18:54:37 - [32minfo[39m: Configuring to run tests on BrowserStack
2022-12-29 18:55:02 - [32minfo[39m: Local binary stopped
2022-12-29 18:57:49 - [32minfo[39m: Reading configs from C:\Users\ivaneyevv\OneDrive\Desktop\frameworktest\framework\browserstack.yml
2022-12-29 18:57:55 - [32minfo[39m: Local binary started successfully
2022-12-29 18:57:55 - [32minfo[39m: Running your mocha tests across 1 platforms
2022-12-29 18:57:55 - [32minfo[39m: Now, showing logs from mocha
2022-12-29 18:58:02 - [32minfo[39m: Configuring to run tests on BrowserStack
2022-12-29 18:58:16 - [32minfo[39m: Local binary stopped
2022-12-29 19:18:12 - [32minfo[39m: Reading configs from C:\Users\ivaneyevv\OneDrive\Desktop\frameworktest\framework\browserstack.yml
2022-12-29 19:18:18 - [32minfo[39m: Local binary started successfully
2022-12-29 19:18:18 - [32minfo[39m: Running your mocha tests across 1 platforms
2022-12-29 19:18:18 - [32minfo[39m: Now, showing logs from mocha
2022-12-29 19:18:24 - [32minfo[39m: Configuring to run tests on BrowserStack
2022-12-29 19:18:42 - [32minfo[39m: Local binary stopped
2022-12-29 19:29:57 - [32minfo[39m: Reading configs from C:\Users\ivaneyevv\OneDrive\Desktop\frameworktest\framework\browserstack.yml
2022-12-29 19:30:03 - [32minfo[39m: Local binary started successfully
2022-12-29 19:30:03 - [32minfo[39m: Running your mocha tests across 1 platforms
2022-12-29 19:30:03 - [32minfo[39m: Now, showing logs from mocha
2022-12-29 19:30:10 - [32minfo[39m: Configuring to run tests on BrowserStack
2022-12-29 19:30:28 - [32minfo[39m: Local binary stopped
2022-12-29 19:42:05 - [32minfo[39m: Reading configs from C:\Users\ivaneyevv\OneDrive\Desktop\frameworktest\framework\browserstack.yml
2022-12-29 19:42:10 - [32minfo[39m: Local binary started successfully
2022-12-29 19:42:10 - [32minfo[39m: Running your mocha tests across 1 platforms
2022-12-29 19:42:10 - [32minfo[39m: Now, showing logs from mocha
2022-12-29 19:42:17 - [32minfo[39m: Configuring to run tests on BrowserStack
2022-12-29 19:42:43 - [32minfo[39m: Local binary stopped
2022-12-29 20:32:01 - [32minfo[39m: Reading configs from C:\Users\ivaneyevv\OneDrive\Desktop\frameworktest\framework\browserstack.yml
2022-12-29 20:32:05 - [32minfo[39m: Local binary started successfully
2022-12-29 20:32:05 - [32minfo[39m: Running your mocha tests across 1 platforms
2022-12-29 20:32:05 - [32minfo[39m: Now, showing logs from mocha
2022-12-29 20:32:09 - [32minfo[39m: Configuring to run tests on BrowserStack
2022-12-29 20:32:33 - [32minfo[39m: Local binary stopped
2022-12-29 20:35:46 - [32minfo[39m: Reading configs from C:\Users\ivaneyevv\OneDrive\Desktop\frameworktest\framework\browserstack.yml
2022-12-29 20:35:49 - [32minfo[39m: Local binary started successfully
2022-12-29 20:35:49 - [32minfo[39m: Running your mocha tests across 1 platforms
2022-12-29 20:35:49 - [32minfo[39m: Now, showing logs from mocha
2022-12-29 20:35:54 - [32minfo[39m: Configuring to run tests on BrowserStack
2022-12-29 20:36:15 - [32minfo[39m: Local binary stopped
2022-12-29 20:38:40 - [32minfo[39m: Reading configs from C:\Users\ivaneyevv\OneDrive\Desktop\frameworktest\framework\browserstack.yml
2022-12-29 20:38:44 - [32minfo[39m: Local binary started successfully
2022-12-29 20:38:44 - [32minfo[39m: Running your mocha tests across 1 platforms
2022-12-29 20:38:44 - [32minfo[39m: Now, showing logs from mocha
2022-12-29 20:38:48 - [32minfo[39m: Configuring to run tests on BrowserStack
2022-12-29 20:39:10 - [32minfo[39m: Local binary stopped
2022-12-29 20:39:45 - [32minfo[39m: Reading configs from C:\Users\ivaneyevv\OneDrive\Desktop\frameworktest\framework\browserstack.yml
2022-12-29 20:39:49 - [32minfo[39m: Local binary started successfully
2022-12-29 20:39:49 - [32minfo[39m: Running your mocha tests across 1 platforms
2022-12-29 20:39:49 - [32minfo[39m: Now, showing logs from mocha
2022-12-29 20:39:53 - [32minfo[39m: Configuring to run tests on BrowserStack
2022-12-29 20:40:20 - [32minfo[39m: Local binary stopped
2022-12-29 20:58:25 - [32minfo[39m: Reading configs from C:\Users\ivaneyevv\OneDrive\Desktop\frameworktest\framework\browserstack.yml
2022-12-29 20:58:29 - [32minfo[39m: Local binary started successfully
2022-12-29 20:58:29 - [32minfo[39m: Running your mocha tests across 1 platforms
2022-12-29 20:58:29 - [32minfo[39m: Now, showing logs from mocha
2022-12-29 20:58:33 - [32minfo[39m: Configuring to run tests on BrowserStack
2022-12-29 20:58:56 - [32minfo[39m: Local binary stopped
2022-12-29 21:02:24 - [32minfo[39m: Reading configs from C:\Users\ivaneyevv\OneDrive\Desktop\frameworktest\framework\browserstack.yml
2022-12-29 21:02:28 - [32minfo[39m: Local binary started successfully
2022-12-29 21:02:28 - [32minfo[39m: Running your mocha tests across 1 platforms
2022-12-29 21:02:28 - [32minfo[39m: Now, showing logs from mocha
2022-12-29 21:02:33 - [32minfo[39m: Configuring to run tests on BrowserStack
2022-12-29 21:02:54 - [32minfo[39m: Local binary stopped
2022-12-29 21:11:15 - [32minfo[39m: Reading configs from C:\Users\ivaneyevv\OneDrive\Desktop\frameworktest\framework\browserstack.yml
2022-12-29 21:11:21 - [32minfo[39m: Local binary started successfully
2022-12-29 21:11:21 - [32minfo[39m: Running your mocha tests across 1 platforms
2022-12-29 21:11:21 - [32minfo[39m: Now, showing logs from mocha
2022-12-29 21:11:27 - [32minfo[39m: Configuring to run tests on BrowserStack
2022-12-29 21:11:55 - [32minfo[39m: Local binary stopped
2022-12-29 21:12:52 - [32minfo[39m: Reading configs from C:\Users\ivaneyevv\OneDrive\Desktop\frameworktest\framework\browserstack.yml
2022-12-29 21:12:58 - [32minfo[39m: Local binary started successfully
2022-12-29 21:12:58 - [32minfo[39m: Running your mocha tests across 1 platforms
2022-12-29 21:12:58 - [32minfo[39m: Now, showing logs from mocha
2022-12-29 21:13:04 - [32minfo[39m: Configuring to run tests on BrowserStack
2022-12-29 21:13:30 - [32minfo[39m: Local binary stopped
2022-12-29 21:15:06 - [32minfo[39m: Reading configs from C:\Users\ivaneyevv\OneDrive\Desktop\frameworktest\framework\browserstack.yml
2022-12-29 21:15:12 - [32minfo[39m: Local binary started successfully
2022-12-29 21:15:12 - [32minfo[39m: Running your mocha tests across 1 platforms
2022-12-29 21:15:12 - [32minfo[39m: Now, showing logs from mocha
2022-12-29 21:15:19 - [32minfo[39m: Configuring to run tests on BrowserStack
2022-12-29 21:15:48 - [32minfo[39m: Local binary stopped
2022-12-29 21:17:15 - [32minfo[39m: Reading configs from C:\Users\ivaneyevv\OneDrive\Desktop\frameworktest\framework\browserstack.yml
2022-12-29 21:17:23 - [32minfo[39m: Local binary started successfully
2022-12-29 21:17:23 - [32minfo[39m: Running your mocha tests across 1 platforms
2022-12-29 21:17:23 - [32minfo[39m: Now, showing logs from mocha
2022-12-29 21:17:30 - [32minfo[39m: Configuring to run tests on BrowserStack
2022-12-29 21:17:57 - [32minfo[39m: Local binary stopped
2022-12-29 21:28:07 - [32minfo[39m: Reading configs from C:\Users\ivaneyevv\OneDrive\Desktop\frameworktest\framework\browserstack.yml
2022-12-29 21:28:13 - [32minfo[39m: Local binary started successfully
2022-12-29 21:28:13 - [32minfo[39m: Running your mocha tests across 1 platforms
2022-12-29 21:28:13 - [32minfo[39m: Now, showing logs from mocha
2022-12-29 21:28:20 - [32minfo[39m: Configuring to run tests on BrowserStack
2022-12-29 21:29:02 - [32minfo[39m: Local binary stopped
2022-12-29 21:32:26 - [32minfo[39m: Reading configs from C:\Users\ivaneyevv\OneDrive\Desktop\frameworktest\framework\browserstack.yml
2022-12-29 21:32:32 - [32minfo[39m: Local binary started successfully
2022-12-29 21:32:32 - [32minfo[39m: Running your mocha tests across 1 platforms
2022-12-29 21:32:32 - [32minfo[39m: Now, showing logs from mocha
2022-12-29 21:33:00 - [32minfo[39m: Local binary stopped
2022-12-29 21:37:43 - [32minfo[39m: Reading configs from C:\Users\ivaneyevv\OneDrive\Desktop\frameworktest\framework\browserstack.yml
2022-12-29 21:37:49 - [32minfo[39m: Local binary started successfully
2022-12-29 21:37:49 - [32minfo[39m: Running your mocha tests across 1 platforms
2022-12-29 21:37:49 - [32minfo[39m: Now, showing logs from mocha
2022-12-29 21:37:56 - [32minfo[39m: Configuring to run tests on BrowserStack
2022-12-29 21:38:38 - [32minfo[39m: Local binary stopped
2022-12-29 21:43:03 - [32minfo[39m: Reading configs from C:\Users\ivaneyevv\OneDrive\Desktop\frameworktest\framework\browserstack.yml
2022-12-29 21:43:09 - [32minfo[39m: Local binary started successfully
2022-12-29 21:43:09 - [32minfo[39m: Running your mocha tests across 1 platforms
2022-12-29 21:43:09 - [32minfo[39m: Now, showing logs from mocha
2022-12-29 21:43:16 - [32minfo[39m: Configuring to run tests on BrowserStack
2022-12-29 21:43:44 - [32minfo[39m: Local binary stopped
2022-12-29 22:38:45 - [32minfo[39m: Reading configs from C:\Users\ivaneyevv\OneDrive\Desktop\frameworktest\framework\browserstack.yml
2022-12-29 22:38:51 - [32minfo[39m: Local binary started successfully
2022-12-29 22:38:51 - [32minfo[39m: Running your mocha tests across 1 platforms
2022-12-29 22:38:51 - [32minfo[39m: Now, showing logs from mocha
2022-12-29 22:38:56 - [32minfo[39m: Configuring to run tests on BrowserStack
2022-12-29 22:39:08 - [32minfo[39m: Local binary stopped
2022-12-29 22:41:24 - [32minfo[39m: Reading configs from C:\Users\ivaneyevv\OneDrive\Desktop\frameworktest\framework\browserstack.yml
2022-12-29 22:41:29 - [32minfo[39m: Local binary started successfully
2022-12-29 22:41:29 - [32minfo[39m: Running your mocha tests across 1 platforms
2022-12-29 22:41:29 - [32minfo[39m: Now, showing logs from mocha
2022-12-29 22:41:34 - [32minfo[39m: Configuring to run tests on BrowserStack
2022-12-29 22:42:07 - [32minfo[39m: Local binary stopped
2022-12-29 22:48:49 - [32minfo[39m: Reading configs from C:\Users\ivaneyevv\OneDrive\Desktop\frameworktest\framework\browserstack.yml
2022-12-29 22:48:55 - [32minfo[39m: Local binary started successfully
2022-12-29 22:48:55 - [32minfo[39m: Running your mocha tests across 1 platforms
2022-12-29 22:48:55 - [32minfo[39m: Now, showing logs from mocha
2022-12-29 22:49:01 - [32minfo[39m: Configuring to run tests on BrowserStack
2022-12-29 22:49:13 - [32minfo[39m: Local binary stopped
2022-12-29 22:52:56 - [32minfo[39m: Reading configs from C:\Users\ivaneyevv\OneDrive\Desktop\frameworktest\framework\browserstack.yml
2022-12-29 22:53:01 - [32minfo[39m: Local binary started successfully
2022-12-29 22:53:01 - [32minfo[39m: Running your mocha tests across 1 platforms
2022-12-29 22:53:01 - [32minfo[39m: Now, showing logs from mocha
2022-12-29 22:53:07 - [32minfo[39m: Configuring to run tests on BrowserStack
2022-12-29 22:53:27 - [32minfo[39m: Local binary stopped
2022-12-29 22:59:07 - [32minfo[39m: Reading configs from C:\Users\ivaneyevv\OneDrive\Desktop\frameworktest\framework\browserstack.yml
2022-12-29 22:59:12 - [32minfo[39m: Local binary started successfully
2022-12-29 22:59:12 - [32minfo[39m: Running your mocha tests across 1 platforms
2022-12-29 22:59:12 - [32minfo[39m: Now, showing logs from mocha
2022-12-29 22:59:18 - [32minfo[39m: Configuring to run tests on BrowserStack
2022-12-29 22:59:33 - [32minfo[39m: Local binary stopped
2022-12-29 23:05:39 - [32minfo[39m: Reading configs from C:\Users\ivaneyevv\OneDrive\Desktop\frameworktest\framework\browserstack.yml
2022-12-29 23:05:44 - [32minfo[39m: Local binary started successfully
2022-12-29 23:05:44 - [32minfo[39m: Running your mocha tests across 1 platforms
2022-12-29 23:05:44 - [32minfo[39m: Now, showing logs from mocha
2022-12-29 23:05:50 - [32minfo[39m: Configuring to run tests on BrowserStack
2022-12-29 23:06:08 - [32minfo[39m: Local binary stopped
2022-12-29 23:13:32 - [32minfo[39m: Reading configs from C:\Users\ivaneyevv\OneDrive\Desktop\frameworktest\framework\browserstack.yml
2022-12-29 23:13:38 - [32minfo[39m: Local binary started successfully
2022-12-29 23:13:38 - [32minfo[39m: Running your mocha tests across 1 platforms
2022-12-29 23:13:38 - [32minfo[39m: Now, showing logs from mocha
2022-12-29 23:13:44 - [32minfo[39m: Configuring to run tests on BrowserStack
2022-12-29 23:14:48 - [32minfo[39m: Local binary stopped
2022-12-29 23:19:01 - [32minfo[39m: Reading configs from C:\Users\ivaneyevv\OneDrive\Desktop\frameworktest\framework\browserstack.yml
2022-12-29 23:19:06 - [32minfo[39m: Local binary started successfully
2022-12-29 23:19:06 - [32minfo[39m: Running your mocha tests across 1 platforms
2022-12-29 23:19:06 - [32minfo[39m: Now, showing logs from mocha
2022-12-29 23:19:10 - [32minfo[39m: Configuring to run tests on BrowserStack
2022-12-29 23:20:11 - [32minfo[39m: Local binary stopped
2022-12-29 23:56:49 - [32minfo[39m: Reading configs from C:\Users\ivaneyevv\OneDrive\Desktop\frameworktest\framework\browserstack.yml
2022-12-29 23:56:54 - [32minfo[39m: Local binary started successfully
2022-12-29 23:56:54 - [32minfo[39m: Running your mocha tests across 1 platforms
2022-12-29 23:56:54 - [32minfo[39m: Now, showing logs from mocha
2022-12-29 23:57:01 - [32minfo[39m: Configuring to run tests on BrowserStack
2022-12-29 23:57:31 - [32minfo[39m: Local binary stopped
2022-12-29 23:59:16 - [32minfo[39m: Reading configs from C:\Users\ivaneyevv\OneDrive\Desktop\frameworktest\framework\browserstack.yml
2022-12-29 23:59:21 - [32minfo[39m: Local binary started successfully
2022-12-29 23:59:21 - [32minfo[39m: Running your mocha tests across 1 platforms
2022-12-29 23:59:21 - [32minfo[39m: Now, showing logs from mocha
2022-12-29 23:59:26 - [32minfo[39m: Configuring to run tests on BrowserStack
2022-12-29 23:59:51 - [32minfo[39m: Local binary stopped
2022-12-30 00:01:54 - [32minfo[39m: Reading configs from C:\Users\ivaneyevv\OneDrive\Desktop\frameworktest\framework\browserstack.yml
2022-12-30 00:01:59 - [32minfo[39m: Local binary started successfully
2022-12-30 00:01:59 - [32minfo[39m: Running your mocha tests across 1 platforms
2022-12-30 00:01:59 - [32minfo[39m: Now, showing logs from mocha
2022-12-30 00:02:06 - [32minfo[39m: Configuring to run tests on BrowserStack
2022-12-30 00:02:35 - [32minfo[39m: Local binary stopped
2022-12-30 00:05:20 - [32minfo[39m: Reading configs from C:\Users\ivaneyevv\OneDrive\Desktop\frameworktest\framework\browserstack.yml
2022-12-30 00:05:24 - [32minfo[39m: Local binary started successfully
2022-12-30 00:05:25 - [32minfo[39m: Running your mocha tests across 1 platforms
2022-12-30 00:05:25 - [32minfo[39m: Now, showing logs from mocha
2022-12-30 00:05:30 - [32minfo[39m: Configuring to run tests on BrowserStack
2022-12-30 00:05:55 - [32minfo[39m: Local binary stopped
2022-12-30 00:08:10 - [32minfo[39m: Reading configs from C:\Users\ivaneyevv\OneDrive\Desktop\frameworktest\framework\browserstack.yml
2022-12-30 00:08:15 - [32minfo[39m: Local binary started successfully
2022-12-30 00:08:15 - [32minfo[39m: Running your mocha tests across 1 platforms
2022-12-30 00:08:15 - [32minfo[39m: Now, showing logs from mocha
2022-12-30 00:08:21 - [32minfo[39m: Configuring to run tests on BrowserStack
2022-12-30 00:08:45 - [32minfo[39m: Local binary stopped
2022-12-30 00:18:33 - [32minfo[39m: Reading configs from C:\Users\ivaneyevv\OneDrive\Desktop\frameworktest\framework\browserstack.yml
2022-12-30 00:18:40 - [32minfo[39m: Local binary started successfully
2022-12-30 00:18:40 - [32minfo[39m: Running your mocha tests across 1 platforms
2022-12-30 00:18:40 - [32minfo[39m: Now, showing logs from mocha
2022-12-30 00:18:46 - [32minfo[39m: Configuring to run tests on BrowserStack
2022-12-30 00:19:14 - [32minfo[39m: Local binary stopped
2022-12-30 00:45:11 - [32minfo[39m: Reading configs from C:\Users\ivaneyevv\OneDrive\Desktop\frameworktest\framework\browserstack.yml
2022-12-30 00:45:17 - [32minfo[39m: Local binary started successfully
2022-12-30 00:45:17 - [32minfo[39m: Running your mocha tests across 1 platforms
2022-12-30 00:45:17 - [32minfo[39m: Now, showing logs from mocha
2022-12-30 00:45:23 - [32minfo[39m: Configuring to run tests on BrowserStack
2022-12-30 00:45:29 - [32minfo[39m: Local binary stopped
2022-12-30 00:59:57 - [32minfo[39m: Reading configs from C:\Users\ivaneyevv\OneDrive\Desktop\frameworktest\framework\browserstack.yml
2022-12-30 01:00:05 - [32minfo[39m: Local binary started successfully
2022-12-30 01:00:05 - [32minfo[39m: Running your mocha tests across 1 platforms
2022-12-30 01:00:05 - [32minfo[39m: Now, showing logs from mocha
2022-12-30 01:00:13 - [32minfo[39m: Configuring to run tests on BrowserStack
2022-12-30 01:00:42 - [32minfo[39m: Local binary stopped
2022-12-30 01:27:35 - [32minfo[39m: Reading configs from C:\Users\ivaneyevv\OneDrive\Desktop\frameworktest\framework\browserstack.yml
2022-12-30 01:27:41 - [32minfo[39m: Local binary started successfully
2022-12-30 01:27:41 - [32minfo[39m: Running your mocha tests across 1 platforms
2022-12-30 01:27:41 - [32minfo[39m: Now, showing logs from mocha
2022-12-30 01:27:48 - [32minfo[39m: Configuring to run tests on BrowserStack
2022-12-30 01:28:05 - [32minfo[39m: Local binary stopped
2022-12-30 01:46:31 - [32minfo[39m: Reading configs from C:\Users\ivaneyevv\OneDrive\Desktop\frameworktest\framework\browserstack.yml
2022-12-30 01:46:37 - [32minfo[39m: Local binary started successfully
2022-12-30 01:46:37 - [32minfo[39m: Running your mocha tests across 1 platforms
2022-12-30 01:46:37 - [32minfo[39m: Now, showing logs from mocha
2022-12-30 01:46:44 - [32minfo[39m: Configuring to run tests on BrowserStack
2022-12-30 01:47:08 - [32minfo[39m: Local binary stopped
2022-12-30 01:50:34 - [32minfo[39m: Reading configs from C:\Users\ivaneyevv\OneDrive\Desktop\frameworktest\framework\browserstack.yml
2022-12-30 01:50:40 - [32minfo[39m: Local binary started successfully
2022-12-30 01:50:40 - [32minfo[39m: Running your mocha tests across 1 platforms
2022-12-30 01:50:40 - [32minfo[39m: Now, showing logs from mocha
2022-12-30 01:50:47 - [32minfo[39m: Configuring to run tests on BrowserStack
2022-12-30 01:51:19 - [32minfo[39m: Local binary stopped
2022-12-30 02:02:28 - [32minfo[39m: Reading configs from C:\Users\ivaneyevv\OneDrive\Desktop\frameworktest\framework\browserstack.yml
2022-12-30 02:02:34 - [32minfo[39m: Local binary started successfully
2022-12-30 02:02:34 - [32minfo[39m: Running your mocha tests across 1 platforms
2022-12-30 02:02:34 - [32minfo[39m: Now, showing logs from mocha
2022-12-30 02:02:43 - [32minfo[39m: Configuring to run tests on BrowserStack
2022-12-30 02:03:07 - [32minfo[39m: Local binary stopped
2022-12-30 02:13:08 - [32minfo[39m: Reading configs from C:\Users\ivaneyevv\OneDrive\Desktop\frameworktest\framework\browserstack.yml
2022-12-30 02:13:15 - [32minfo[39m: Local binary started successfully
2022-12-30 02:13:15 - [32minfo[39m: Running your mocha tests across 1 platforms
2022-12-30 02:13:15 - [32minfo[39m: Now, showing logs from mocha
2022-12-30 02:13:23 - [32minfo[39m: Configuring to run tests on BrowserStack
2022-12-30 02:13:48 - [32minfo[39m: Local binary stopped
2022-12-30 02:14:52 - [32minfo[39m: Reading configs from C:\Users\ivaneyevv\OneDrive\Desktop\frameworktest\framework\browserstack.yml
2022-12-30 02:14:59 - [32minfo[39m: Local binary started successfully
2022-12-30 02:14:59 - [32minfo[39m: Running your mocha tests across 1 platforms
2022-12-30 02:14:59 - [32minfo[39m: Now, showing logs from mocha
2022-12-30 02:15:08 - [32minfo[39m: Configuring to run tests on BrowserStack
2022-12-30 02:15:33 - [32minfo[39m: Local binary stopped
2022-12-30 02:16:35 - [32minfo[39m: Reading configs from C:\Users\ivaneyevv\OneDrive\Desktop\frameworktest\framework\browserstack.yml
2022-12-30 02:16:41 - [32minfo[39m: Local binary started successfully
2022-12-30 02:16:41 - [32minfo[39m: Running your mocha tests across 1 platforms
2022-12-30 02:16:41 - [32minfo[39m: Now, showing logs from mocha
2022-12-30 02:16:50 - [32minfo[39m: Configuring to run tests on BrowserStack
2022-12-30 02:17:14 - [32minfo[39m: Local binary stopped
2022-12-30 02:20:34 - [32minfo[39m: Reading configs from C:\Users\ivaneyevv\OneDrive\Desktop\frameworktest\framework\browserstack.yml
2022-12-30 02:20:40 - [32minfo[39m: Local binary started successfully
2022-12-30 02:20:40 - [32minfo[39m: Running your mocha tests across 1 platforms
2022-12-30 02:20:40 - [32minfo[39m: Now, showing logs from mocha
2022-12-30 02:20:48 - [32minfo[39m: Configuring to run tests on BrowserStack
2022-12-30 02:21:13 - [32minfo[39m: Local binary stopped
2022-12-30 03:56:08 - [32minfo[39m: Reading configs from C:\Users\ivaneyevv\OneDrive\Desktop\TAT_11_12\TAT_11_12\framework\browserstack.yml
2022-12-30 03:56:14 - [32minfo[39m: Local binary started successfully
2022-12-30 03:56:15 - [32minfo[39m: Running your mocha tests across 1 platforms
2022-12-30 03:56:15 - [32minfo[39m: Now, showing logs from mocha
2022-12-30 03:56:21 - [32minfo[39m: Configuring to run tests on BrowserStack
2022-12-30 03:56:52 - [32minfo[39m: Local binary stopped
2022-12-30 04:04:27 - [32minfo[39m: Reading configs from C:\Users\ivaneyevv\OneDrive\Desktop\TAT_11_12\TAT_11_12\browserstack.yml
2022-12-30 04:04:33 - [32minfo[39m: Local binary started successfully
2022-12-30 04:04:33 - [32minfo[39m: Running your mocha tests across 1 platforms
2022-12-30 04:04:33 - [32minfo[39m: Now, showing logs from mocha
2022-12-30 04:04:40 - [32minfo[39m: Configuring to run tests on BrowserStack
2022-12-30 04:05:06 - [32minfo[39m: Local binary stopped
2022-12-30 05:17:18 - [32minfo[39m: Reading configs from C:\Users\ivaneyevv\OneDrive\Desktop\TAT_11_12\TAT_11_12\browserstack.yml
2022-12-30 05:17:25 - [32minfo[39m: Local binary started successfully
2022-12-30 05:17:25 - [32minfo[39m: Running your mocha tests across 1 platforms
2022-12-30 05:17:25 - [32minfo[39m: Now, showing logs from mocha
2022-12-30 05:17:35 - [32minfo[39m: Configuring to run tests on BrowserStack
2022-12-30 05:21:01 - [32minfo[39m: Local binary stopped
2022-12-30 05:55:26 - [32minfo[39m: Reading configs from C:\Users\ivaneyevv\OneDrive\Desktop\TAT_11_12\TAT_11_12\browserstack.yml
2022-12-30 05:55:31 - [32minfo[39m: Local binary started successfully
2022-12-30 05:55:31 - [32minfo[39m: Running your mocha tests across 1 platforms
2022-12-30 05:55:31 - [32minfo[39m: Now, showing logs from mocha
2022-12-30 05:55:36 - [32minfo[39m: Configuring to run tests on BrowserStack
2022-12-30 05:55:51 - [32minfo[39m: Local binary stopped
2022-12-30 06:00:33 - [32minfo[39m: Reading configs from C:\Users\ivaneyevv\OneDrive\Desktop\TAT_11_12\TAT_11_12\browserstack.yml
2022-12-30 06:00:38 - [32minfo[39m: Local binary started successfully
2022-12-30 06:00:38 - [32minfo[39m: Running your mocha tests across 1 platforms
2022-12-30 06:00:38 - [32minfo[39m: Now, showing logs from mocha
2022-12-30 06:00:46 - [32minfo[39m: Configuring to run tests on BrowserStack
2022-12-30 06:01:05 - [32minfo[39m: Local binary stopped
2022-12-30 06:05:33 - [32minfo[39m: Reading configs from C:\Users\ivaneyevv\OneDrive\Desktop\TAT_11_12\TAT_11_12\browserstack.yml
2022-12-30 06:05:38 - [32minfo[39m: Local binary started successfully
2022-12-30 06:05:38 - [32minfo[39m: Running your mocha tests across 1 platforms
2022-12-30 06:05:38 - [32minfo[39m: Now, showing logs from mocha
2022-12-30 06:05:45 - [32minfo[39m: Configuring to run tests on BrowserStack
2022-12-30 06:06:10 - [32minfo[39m: Local binary stopped
2022-12-30 06:11:57 - [32minfo[39m: Reading configs from C:\Users\ivaneyevv\OneDrive\Desktop\TAT_11_12\TAT_11_12\browserstack.yml
2022-12-30 06:12:03 - [32minfo[39m: Local binary started successfully
2022-12-30 06:12:03 - [32minfo[39m: Running your mocha tests across 1 platforms
2022-12-30 06:12:03 - [32minfo[39m: Now, showing logs from mocha
2022-12-30 06:12:10 - [32minfo[39m: Configuring to run tests on BrowserStack
2022-12-30 06:12:32 - [32minfo[39m: Local binary stopped
2022-12-30 06:13:52 - [32minfo[39m: Reading configs from C:\Users\ivaneyevv\OneDrive\Desktop\TAT_11_12\TAT_11_12\browserstack.yml
2022-12-30 06:13:57 - [32minfo[39m: Local binary started successfully
2022-12-30 06:13:57 - [32minfo[39m: Running your mocha tests across 1 platforms
2022-12-30 06:13:57 - [32minfo[39m: Now, showing logs from mocha
2022-12-30 06:14:04 - [32minfo[39m: Configuring to run tests on BrowserStack
2022-12-30 06:14:30 - [32minfo[39m: Local binary stopped
2022-12-30 06:14:38 - [32minfo[39m: Reading configs from C:\Users\ivaneyevv\OneDrive\Desktop\TAT_11_12\TAT_11_12\browserstack.yml
2022-12-30 06:14:44 - [32minfo[39m: Local binary started successfully
2022-12-30 06:14:44 - [32minfo[39m: Running your mocha tests across 1 platforms
2022-12-30 06:14:44 - [32minfo[39m: Now, showing logs from mocha
2022-12-30 06:14:53 - [32minfo[39m: Configuring to run tests on BrowserStack
2022-12-30 06:15:12 - [32minfo[39m: Local binary stopped
2022-12-30 06:19:21 - [32minfo[39m: Reading configs from C:\Users\ivaneyevv\OneDrive\Desktop\TAT_11_12\TAT_11_12\browserstack.yml
2022-12-30 06:19:26 - [32minfo[39m: Local binary started successfully
2022-12-30 06:19:26 - [32minfo[39m: Running your mocha tests across 1 platforms
2022-12-30 06:19:26 - [32minfo[39m: Now, showing logs from mocha
2022-12-30 06:19:32 - [32minfo[39m: Configuring to run tests on BrowserStack
2022-12-30 06:19:57 - [32minfo[39m: Local binary stopped
2022-12-30 06:20:28 - [32minfo[39m: Reading configs from C:\Users\ivaneyevv\OneDrive\Desktop\TAT_11_12\TAT_11_12\browserstack.yml
2022-12-30 06:20:36 - [32minfo[39m: Local binary started successfully
2022-12-30 06:20:36 - [32minfo[39m: Running your mocha tests across 1 platforms
2022-12-30 06:20:36 - [32minfo[39m: Now, showing logs from mocha
2022-12-30 06:20:47 - [32minfo[39m: Configuring to run tests on BrowserStack
2022-12-30 06:21:13 - [32minfo[39m: Local binary stopped
2022-12-30 06:21:29 - [32minfo[39m: Reading configs from C:\Users\ivaneyevv\OneDrive\Desktop\TAT_11_12\TAT_11_12\browserstack.yml
2022-12-30 06:21:36 - [32minfo[39m: Local binary started successfully
2022-12-30 06:21:36 - [32minfo[39m: Running your mocha tests across 1 platforms
2022-12-30 06:21:36 - [32minfo[39m: Now, showing logs from mocha
2022-12-30 06:21:45 - [32minfo[39m: Configuring to run tests on BrowserStack
2022-12-30 06:22:09 - [32minfo[39m: Local binary stopped
2022-12-30 06:25:41 - [32minfo[39m: Reading configs from C:\Users\ivaneyevv\OneDrive\Desktop\TAT_11_12\TAT_11_12\browserstack.yml
2022-12-30 06:25:46 - [32minfo[39m: Local binary started successfully
2022-12-30 06:25:46 - [32minfo[39m: Running your mocha tests across 1 platforms
2022-12-30 06:25:46 - [32minfo[39m: Now, showing logs from mocha
2022-12-30 06:25:52 - [32minfo[39m: Configuring to run tests on BrowserStack
2022-12-30 06:26:16 - [32minfo[39m: Local binary stopped
2022-12-30 06:26:32 - [32minfo[39m: Reading configs from C:\Users\ivaneyevv\OneDrive\Desktop\TAT_11_12\TAT_11_12\browserstack.yml
2022-12-30 06:26:37 - [32minfo[39m: Local binary started successfully
2022-12-30 06:26:37 - [32minfo[39m: Running your mocha tests across 1 platforms
2022-12-30 06:26:37 - [32minfo[39m: Now, showing logs from mocha
2022-12-30 06:26:44 - [32minfo[39m: Configuring to run tests on BrowserStack
2022-12-30 06:27:02 - [32minfo[39m: Local binary stopped
2022-12-30 06:33:08 - [32minfo[39m: Reading configs from C:\Users\ivaneyevv\OneDrive\Desktop\TAT_11_12\TAT_11_12\browserstack.yml
2022-12-30 06:33:13 - [32minfo[39m: Local binary started successfully
2022-12-30 06:33:13 - [32minfo[39m: Running your mocha tests across 1 platforms
2022-12-30 06:33:13 - [32minfo[39m: Now, showing logs from mocha
2022-12-30 06:33:18 - [32minfo[39m: Configuring to run tests on BrowserStack
2022-12-30 06:33:43 - [32minfo[39m: Local binary stopped
2022-12-30 06:35:59 - [32minfo[39m: Reading configs from C:\Users\ivaneyevv\OneDrive\Desktop\TAT_11_12\TAT_11_12\browserstack.yml
2022-12-30 06:36:04 - [32minfo[39m: Local binary started successfully
2022-12-30 06:36:04 - [32minfo[39m: Running your mocha tests across 1 platforms
2022-12-30 06:36:04 - [32minfo[39m: Now, showing logs from mocha
2022-12-30 06:36:10 - [32minfo[39m: Configuring to run tests on BrowserStack
2022-12-30 06:38:53 - [32minfo[39m: Local binary stopped
2022-12-30 06:47:52 - [32minfo[39m: Reading configs from C:\Users\ivaneyevv\OneDrive\Desktop\TAT_11_12\TAT_11_12\browserstack.yml
2022-12-30 06:47:57 - [32minfo[39m: Local binary started successfully
2022-12-30 06:47:57 - [32minfo[39m: Running your mocha tests across 1 platforms
2022-12-30 06:47:57 - [32minfo[39m: Now, showing logs from mocha
2022-12-30 06:48:04 - [32minfo[39m: Configuring to run tests on BrowserStack
2022-12-30 06:48:23 - [32minfo[39m: Local binary stopped
2022-12-30 06:56:09 - [32minfo[39m: Reading configs from C:\Users\ivaneyevv\OneDrive\Desktop\TAT_11_12\TAT_11_12\browserstack.yml
2022-12-30 06:56:15 - [32minfo[39m: Local binary started successfully
2022-12-30 06:56:15 - [32minfo[39m: Running your mocha tests across 1 platforms
2022-12-30 06:56:15 - [32minfo[39m: Now, showing logs from mocha
2022-12-30 06:56:21 - [32minfo[39m: Configuring to run tests on BrowserStack
2022-12-30 06:56:57 - [32minfo[39m: Local binary stopped
2022-12-30 07:19:04 - [32minfo[39m: Reading configs from C:\Users\ivaneyevv\OneDrive\Desktop\TAT_11_12\TAT_11_12\browserstack.yml
2022-12-30 07:19:09 - [32minfo[39m: Local binary started successfully
2022-12-30 07:19:09 - [32minfo[39m: Running your mocha tests across 1 platforms
2022-12-30 07:19:09 - [32minfo[39m: Now, showing logs from mocha
2022-12-30 07:19:33 - [32minfo[39m: Configuring to run tests on BrowserStack
2022-12-30 07:19:59 - [32minfo[39m: Local binary stopped
2022-12-30 07:20:21 - [32minfo[39m: Reading configs from C:\Users\ivaneyevv\OneDrive\Desktop\TAT_11_12\TAT_11_12\browserstack.yml
2022-12-30 07:20:26 - [32minfo[39m: Local binary started successfully
2022-12-30 07:20:26 - [32minfo[39m: Running your mocha tests across 1 platforms
2022-12-30 07:20:26 - [32minfo[39m: Now, showing logs from mocha
2022-12-30 07:20:32 - [32minfo[39m: Configuring to run tests on BrowserStack
2022-12-30 07:20:57 - [32minfo[39m: Local binary stopped
2022-12-30 07:22:24 - [32minfo[39m: Reading configs from C:\Users\ivaneyevv\OneDrive\Desktop\TAT_11_12\TAT_11_12\browserstack.yml
2022-12-30 07:22:30 - [32minfo[39m: Local binary started successfully
2022-12-30 07:22:30 - [32minfo[39m: Running your mocha tests across 1 platforms
2022-12-30 07:22:30 - [32minfo[39m: Now, showing logs from mocha
2022-12-30 07:22:36 - [32minfo[39m: Configuring to run tests on BrowserStack
2022-12-30 07:23:04 - [32minfo[39m: Local binary stopped
2022-12-30 07:26:01 - [32minfo[39m: Reading configs from C:\Users\ivaneyevv\OneDrive\Desktop\TAT_11_12\TAT_11_12\browserstack.yml
2022-12-30 07:26:07 - [32minfo[39m: Local binary started successfully
2022-12-30 07:26:07 - [32minfo[39m: Running your mocha tests across 1 platforms
2022-12-30 07:26:07 - [32minfo[39m: Now, showing logs from mocha
2022-12-30 07:26:13 - [32minfo[39m: Configuring to run tests on BrowserStack
2022-12-30 07:26:38 - [32minfo[39m: Local binary stopped
2022-12-30 07:27:33 - [32minfo[39m: Reading configs from C:\Users\ivaneyevv\OneDrive\Desktop\TAT_11_12\TAT_11_12\browserstack.yml
2022-12-30 07:27:39 - [32minfo[39m: Local binary started successfully
2022-12-30 07:27:39 - [32minfo[39m: Running your mocha tests across 1 platforms
2022-12-30 07:27:39 - [32minfo[39m: Now, showing logs from mocha
2022-12-30 07:27:45 - [32minfo[39m: Configuring to run tests on BrowserStack
2022-12-30 07:28:10 - [32minfo[39m: Local binary stopped
2022-12-30 07:29:10 - [32minfo[39m: Reading configs from C:\Users\ivaneyevv\OneDrive\Desktop\TAT_11_12\TAT_11_12\browserstack.yml
2022-12-30 07:29:16 - [32minfo[39m: Local binary started successfully
2022-12-30 07:29:16 - [32minfo[39m: Running your mocha tests across 1 platforms
2022-12-30 07:29:16 - [32minfo[39m: Now, showing logs from mocha
2022-12-30 07:29:22 - [32minfo[39m: Configuring to run tests on BrowserStack
2022-12-30 07:29:47 - [32minfo[39m: Local binary stopped
2022-12-30 07:33:09 - [32minfo[39m: Reading configs from C:\Users\ivaneyevv\OneDrive\Desktop\TAT_11_12\TAT_11_12\browserstack.yml
2022-12-30 07:33:16 - [32minfo[39m: Local binary started successfully
2022-12-30 07:33:16 - [32minfo[39m: Running your mocha tests across 1 platforms
2022-12-30 07:33:16 - [32minfo[39m: Now, showing logs from mocha
2022-12-30 07:33:23 - [32minfo[39m: Configuring to run tests on BrowserStack
2022-12-30 07:33:48 - [32minfo[39m: Local binary stopped
2022-12-30 07:34:39 - [32minfo[39m: Reading configs from C:\Users\ivaneyevv\OneDrive\Desktop\TAT_11_12\TAT_11_12\browserstack.yml
2022-12-30 07:34:46 - [32minfo[39m: Local binary started successfully
2022-12-30 07:34:46 - [32minfo[39m: Running your mocha tests across 1 platforms
2022-12-30 07:34:46 - [32minfo[39m: Now, showing logs from mocha
2022-12-30 07:34:54 - [32minfo[39m: Configuring to run tests on BrowserStack
2022-12-30 07:37:44 - [32minfo[39m: Local binary stopped
2022-12-30 07:40:30 - [32minfo[39m: Reading configs from C:\Users\ivaneyevv\OneDrive\Desktop\TAT_11_12\TAT_11_12\browserstack.yml
2022-12-30 07:40:37 - [32minfo[39m: Local binary started successfully
2022-12-30 07:40:37 - [32minfo[39m: Running your mocha tests across 1 platforms
2022-12-30 07:40:37 - [32minfo[39m: Now, showing logs from mocha
2022-12-30 07:40:45 - [32minfo[39m: Configuring to run tests on BrowserStack
2022-12-30 07:44:49 - [32minfo[39m: Local binary stopped
